<?xml version="1.0" encoding="UTF-8"?>
<!-- Generated by org.testng.reporters.JUnitReportReporter -->
<testsuite hostname="DESKTOP-JHMLI0H" failures="0" tests="1" name="datadriventest.SyncExplicitlyWait" time="21.772" errors="0" timestamp="2023-06-14T20:14:01 IST" skipped="0">
  <testcase classname="datadriventest.SyncExplicitlyWait" name="WaitMethodsTest" time="21.772"/>
  <system-out/>
</testsuite> <!-- datadriventest.SyncExplicitlyWait -->
