<?xml version="1.0" encoding="UTF-8"?>
<!-- Generated by org.testng.reporters.JUnitReportReporter -->
<testsuite hostname="DESKTOP-JHMLI0H" failures="0" tests="1" name="datadriventest.LoginToActiTime" time="56.362" errors="0" timestamp="2023-06-14T18:15:43 IST" skipped="0">
  <testcase classname="datadriventest.LoginToActiTime" name="loginTest" time="56.362"/>
  <system-out/>
</testsuite> <!-- datadriventest.LoginToActiTime -->
