<?xml version="1.0" encoding="UTF-8"?>
<!-- Generated by org.testng.reporters.JUnitReportReporter -->
<testsuite hostname="DESKTOP-JHMLI0H" failures="0" tests="1" name="webdriver.Demo" time="25.647" errors="0" timestamp="2023-06-15T12:29:19 IST" skipped="0">
  <testcase classname="webdriver.Demo" name="dropDownSelectTest" time="25.647"/>
  <system-out/>
</testsuite> <!-- webdriver.Demo -->
